<?xml version="1.0" encoding="UTF-8"?>
<!-- Generated by org.testng.reporters.JUnitReportReporter -->
<testsuite hostname="DESKTOP-U63UI4D" failures="0" tests="12" name="com.qa.orangehrm.tests.AddEmployeeTest" time="251.469" errors="0" timestamp="2022-08-22T09:16:01 BST" skipped="0">
  <testcase classname="com.qa.orangehrm.tests.AddEmployeeTest" name="addEmployeeTest" time="17.953"/>
  <system-out/>
  <testcase classname="com.qa.orangehrm.tests.AddEmployeeTest" name="addEmployeeTest" time="19.036"/>
  <system-out/>
  <testcase classname="com.qa.orangehrm.tests.AddEmployeeTest" name="addEmployeeTest" time="17.860"/>
  <system-out/>
  <testcase classname="com.qa.orangehrm.tests.AddEmployeeTest" name="addEmployeeTest" time="26.134"/>
  <system-out/>
  <testcase classname="com.qa.orangehrm.tests.AddEmployeeTest" name="addEmployeeTest" time="20.939"/>
  <system-out/>
  <testcase classname="com.qa.orangehrm.tests.AddEmployeeTest" name="addEmployeeTest" time="21.498"/>
  <system-out/>
  <testcase classname="com.qa.orangehrm.tests.AddEmployeeTest" name="addEmployeeTest" time="18.162"/>
  <system-out/>
  <testcase classname="com.qa.orangehrm.tests.AddEmployeeTest" name="addEmployeeTest" time="19.582"/>
  <system-out/>
  <testcase classname="com.qa.orangehrm.tests.AddEmployeeTest" name="addEmployeeTest" time="31.398"/>
  <system-out/>
  <testcase classname="com.qa.orangehrm.tests.AddEmployeeTest" name="addEmployeeTest" time="18.064"/>
  <system-out/>
  <testcase classname="com.qa.orangehrm.tests.AddEmployeeTest" name="addEmployeeTest" time="19.242"/>
  <system-out/>
  <testcase classname="com.qa.orangehrm.tests.AddEmployeeTest" name="addEmployeeTest" time="21.601"/>
  <system-out/>
</testsuite> <!-- com.qa.orangehrm.tests.AddEmployeeTest -->
